Línea 41: la clase Threed.SSPanel del control PnlActivos no era una clase de control cargada.
Línea 134: la clase Threed.SSCommand del control BtnVerCalculo no era una clase de control cargada.
Línea 147: la clase MSMask.MaskEdBox del control Txtvacaf no era una clase de control cargada.
Línea 163: la clase MSMask.MaskEdBox del control Txtvacai no era una clase de control cargada.
Línea 188: la clase MSMask.MaskEdBox del control Txtvaca no era una clase de control cargada.
Línea 204: la clase MSMask.MaskEdBox del control TxtFecCese no era una clase de control cargada.
Línea 219: la clase CboFacil.cbo_facil del control cbo_TipMotFinPer no era una clase de control cargada.
Línea 389: la clase MSForms.Label del control LblCodTrabSunat no era una clase de control cargada.
Línea 575: la clase TrueOleDBGrid70.TDBGrid del control DGrd no era una clase de control cargada.
Línea 738: la clase Threed.SSCommand del control cmdVerArchivo no era una clase de control cargada.
Línea 799: la clase MSComctlLib.ProgressBar del control BarraImporta no era una clase de control cargada.
Línea 812: la clase MSComDlg.CommonDialog del control Box no era una clase de control cargada.
Línea 838: la clase MSDataGridLib.DataGrid del control DgrdDesAdic no era una clase de control cargada.
Línea 943: la clase MSDataGridLib.DataGrid del control DgrdPagAdic no era una clase de control cargada.
Línea 1098: la clase MSDataGridLib.DataGrid del control Dgrdccosto no era una clase de control cargada.
Línea 1240: la clase MSDataGridLib.DataGrid del control Dgrdhoras no era una clase de control cargada.
Línea 1327: la clase Threed.SSPanel del control Panelprogress no era una clase de control cargada.
Línea 1352: la clase MSComctlLib.ProgressBar del control Barra no era una clase de control cargada.
Línea 1364: la clase MSComctlLib.ProgressBar del control ProgressBar1 no era una clase de control cargada.
Línea 1377: la clase Threed.SSPanel del control PnlPreView no era una clase de control cargada.
Línea 1400: la clase MSComctlLib.ListView del control LstIngresos no era una clase de control cargada.
Línea 1446: la clase MSComctlLib.ListView del control LstDeducciones no era una clase de control cargada.
Línea 1486: la clase MSComctlLib.ListView del control LstAportaciones no era una clase de control cargada.
Línea 1526: la clase Threed.SSCommand del control SSCommand1 no era una clase de control cargada.
Línea 47: el nombre de la propiedad _Version de PnlActivos no es válido.
Línea 48: el nombre de la propiedad _ExtentX de PnlActivos no es válido.
Línea 49: el nombre de la propiedad _ExtentY de PnlActivos no es válido.
Línea 50: el nombre de la propiedad _StockProps de PnlActivos no es válido.
Línea 141: el nombre de la propiedad _Version de BtnVerCalculo no es válido.
Línea 142: el nombre de la propiedad _ExtentX de BtnVerCalculo no es válido.
Línea 143: el nombre de la propiedad _ExtentY de BtnVerCalculo no es válido.
Línea 144: el nombre de la propiedad _StockProps de BtnVerCalculo no es válido.
Línea 145: el nombre de la propiedad Caption de BtnVerCalculo no es válido.
Línea 154: el nombre de la propiedad _ExtentX de Txtvacaf no es válido.
Línea 155: el nombre de la propiedad _ExtentY de Txtvacaf no es válido.
Línea 156: el nombre de la propiedad _Version de Txtvacaf no es válido.
Línea 158: el nombre de la propiedad MaxLength de Txtvacaf no es válido.
Línea 159: el nombre de la propiedad Format de Txtvacaf no es válido.
Línea 160: el nombre de la propiedad Mask de Txtvacaf no es válido.
Línea 161: el nombre de la propiedad PromptChar de Txtvacaf no es válido.
Línea 170: el nombre de la propiedad _ExtentX de Txtvacai no es válido.
Línea 171: el nombre de la propiedad _ExtentY de Txtvacai no es válido.
Línea 172: el nombre de la propiedad _Version de Txtvacai no es válido.
Línea 174: el nombre de la propiedad MaxLength de Txtvacai no es válido.
Línea 175: el nombre de la propiedad Format de Txtvacai no es válido.
Línea 176: el nombre de la propiedad Mask de Txtvacai no es válido.
Línea 177: el nombre de la propiedad PromptChar de Txtvacai no es válido.
Línea 195: el nombre de la propiedad _ExtentX de Txtvaca no es válido.
Línea 196: el nombre de la propiedad _ExtentY de Txtvaca no es válido.
Línea 197: el nombre de la propiedad _Version de Txtvaca no es válido.
Línea 199: el nombre de la propiedad MaxLength de Txtvaca no es válido.
Línea 200: el nombre de la propiedad Format de Txtvaca no es válido.
Línea 201: el nombre de la propiedad Mask de Txtvaca no es válido.
Línea 202: el nombre de la propiedad PromptChar de Txtvaca no es válido.
Línea 210: el nombre de la propiedad _ExtentX de TxtFecCese no es válido.
Línea 211: el nombre de la propiedad _ExtentY de TxtFecCese no es válido.
Línea 212: el nombre de la propiedad _Version de TxtFecCese no es válido.
Línea 214: el nombre de la propiedad MaxLength de TxtFecCese no es válido.
Línea 215: el nombre de la propiedad Format de TxtFecCese no es válido.
Línea 216: el nombre de la propiedad Mask de TxtFecCese no es válido.
Línea 217: el nombre de la propiedad PromptChar de TxtFecCese no es válido.
Línea 225: el nombre de la propiedad _ExtentX de cbo_TipMotFinPer no es válido.
Línea 226: el nombre de la propiedad _ExtentY de cbo_TipMotFinPer no es válido.
Línea 227: el nombre de la propiedad NameTab de cbo_TipMotFinPer no es válido.
Línea 228: el nombre de la propiedad NameCod de cbo_TipMotFinPer no es válido.
Línea 229: el nombre de la propiedad NameDesc de cbo_TipMotFinPer no es válido.
Línea 230: el nombre de la propiedad Filtro de cbo_TipMotFinPer no es válido.
Línea 231: el nombre de la propiedad OrderBy de cbo_TipMotFinPer no es válido.
Línea 232: el nombre de la propiedad SetIndex de cbo_TipMotFinPer no es válido.
Línea 233: el nombre de la propiedad NameSistema de cbo_TipMotFinPer no es válido.
Línea 234: el nombre de la propiedad Mensaje de cbo_TipMotFinPer no es válido.
Línea 235: el nombre de la propiedad ToolTip de cbo_TipMotFinPer no es válido.
Línea 237: el nombre de la propiedad Ninguno de cbo_TipMotFinPer no es válido.
Línea 247: el nombre de la propiedad ComboFont de cbo_TipMotFinPer no es válido.
Línea 396: el nombre de la propiedad Size de LblCodTrabSunat no es válido.
Línea 397: el nombre de la propiedad FontHeight de LblCodTrabSunat no es válido.
Línea 398: el nombre de la propiedad FontCharSet de LblCodTrabSunat no es válido.
Línea 399: el nombre de la propiedad FontPitchAndFamily de LblCodTrabSunat no es válido.
Línea 581: el nombre de la propiedad _ExtentX de DGrd no es válido.
Línea 582: el nombre de la propiedad _ExtentY de DGrd no es válido.
Línea 583: el nombre de la propiedad _LayoutType de DGrd no es válido.
Línea 584: el nombre de la propiedad _RowHeight de DGrd no es válido.
Línea 585: el nombre de la propiedad _WasPersistedAsPixels de DGrd no es válido.
Línea 586: el nombre de la propiedad Columns(0)._VlistStyle de DGrd no es válido.
Línea 587: el nombre de la propiedad Columns(0)._MaxComboItems de DGrd no es válido.
Línea 588: el nombre de la propiedad Columns(0).DataField de DGrd no es válido.
Línea 589: el nombre de la propiedad Columns(0)._PropDict de DGrd no es válido.
Línea 590: el nombre de la propiedad Columns(1)._VlistStyle de DGrd no es válido.
Línea 591: el nombre de la propiedad Columns(1)._MaxComboItems de DGrd no es válido.
Línea 592: el nombre de la propiedad Columns(1).DataField de DGrd no es válido.
Línea 593: el nombre de la propiedad Columns(1)._PropDict de DGrd no es válido.
Línea 594: el nombre de la propiedad Columns.Count de DGrd no es válido.
Línea 595: el nombre de la propiedad Splits(0)._UserFlags de DGrd no es válido.
Línea 596: el nombre de la propiedad Splits(0).RecordSelectorWidth de DGrd no es válido.
Línea 597: el nombre de la propiedad Splits(0)._SavedRecordSelectors de DGrd no es válido.
Línea 598: el nombre de la propiedad Splits(0).FetchRowStyle de DGrd no es válido.
Línea 599: el nombre de la propiedad Splits(0).DividerColor de DGrd no es válido.
Línea 600: el nombre de la propiedad Splits(0).SpringMode de DGrd no es válido.
Línea 601: el nombre de la propiedad Splits(0)._PropDict de DGrd no es válido.
Línea 602: el nombre de la propiedad Splits(0)._ColumnProps(0) de DGrd no es válido.
Línea 603: el nombre de la propiedad Splits(0)._ColumnProps(1) de DGrd no es válido.
Línea 604: el nombre de la propiedad Splits(0)._ColumnProps(2) de DGrd no es válido.
Línea 605: el nombre de la propiedad Splits(0)._ColumnProps(3) de DGrd no es válido.
Línea 606: el nombre de la propiedad Splits(0)._ColumnProps(4) de DGrd no es válido.
Línea 607: el nombre de la propiedad Splits(0)._ColumnProps(5) de DGrd no es válido.
Línea 608: el nombre de la propiedad Splits(0)._ColumnProps(6) de DGrd no es válido.
Línea 609: el nombre de la propiedad Splits(0)._ColumnProps(7) de DGrd no es válido.
Línea 610: el nombre de la propiedad Splits(0)._ColumnProps(8) de DGrd no es válido.
Línea 611: el nombre de la propiedad Splits.Count de DGrd no es válido.
Línea 612: el nombre de la propiedad PrintInfos(0)._StateFlags de DGrd no es válido.
Línea 613: el nombre de la propiedad PrintInfos(0).Name de DGrd no es válido.
Línea 614: el nombre de la propiedad PrintInfos(0).PageHeaderFont de DGrd no es válido.
Línea 615: el nombre de la propiedad PrintInfos(0).PageFooterFont de DGrd no es válido.
Línea 616: el nombre de la propiedad PrintInfos(0).PageHeaderHeight de DGrd no es válido.
Línea 617: el nombre de la propiedad PrintInfos(0).PageFooterHeight de DGrd no es válido.
Línea 618: el nombre de la propiedad PrintInfos.Count de DGrd no es válido.
Línea 619: el nombre de la propiedad ColumnFooters de DGrd no es válido.
Línea 620: el nombre de la propiedad DefColWidth de DGrd no es válido.
Línea 621: el nombre de la propiedad HeadLines de DGrd no es válido.
Línea 622: el nombre de la propiedad FootLines de DGrd no es válido.
Línea 623: el nombre de la propiedad MultipleLines de DGrd no es válido.
Línea 624: el nombre de la propiedad CellTipsWidth de DGrd no es válido.
Línea 625: el nombre de la propiedad DeadAreaBackColor de DGrd no es válido.
Línea 626: el nombre de la propiedad RowDividerColor de DGrd no es válido.
Línea 627: el nombre de la propiedad RowSubDividerColor de DGrd no es válido.
Línea 628: el nombre de la propiedad DirectionAfterEnter de DGrd no es válido.
Línea 629: el nombre de la propiedad MaxRows de DGrd no es válido.
Línea 630: el nombre de la propiedad ViewColumnCaptionWidth de DGrd no es válido.
Línea 631: el nombre de la propiedad ViewColumnWidth de DGrd no es válido.
Línea 632: el nombre de la propiedad _PropDict de DGrd no es válido.
Línea 633: el nombre de la propiedad _StyleDefs(0) de DGrd no es válido.
Línea 634: el nombre de la propiedad _StyleDefs(1) de DGrd no es válido.
Línea 635: el nombre de la propiedad _StyleDefs(2) de DGrd no es válido.
Línea 636: el nombre de la propiedad _StyleDefs(3) de DGrd no es válido.
Línea 637: el nombre de la propiedad _StyleDefs(4) de DGrd no es válido.
Línea 638: el nombre de la propiedad _StyleDefs(5) de DGrd no es válido.
Línea 639: el nombre de la propiedad _StyleDefs(6) de DGrd no es válido.
Línea 640: el nombre de la propiedad _StyleDefs(7) de DGrd no es válido.
Línea 641: el nombre de la propiedad _StyleDefs(8) de DGrd no es válido.
Línea 642: el nombre de la propiedad _StyleDefs(9) de DGrd no es válido.
Línea 643: el nombre de la propiedad _StyleDefs(10) de DGrd no es válido.
Línea 644: el nombre de la propiedad _StyleDefs(11) de DGrd no es válido.
Línea 645: el nombre de la propiedad _StyleDefs(12) de DGrd no es válido.
Línea 646: el nombre de la propiedad _StyleDefs(13) de DGrd no es válido.
Línea 647: el nombre de la propiedad _StyleDefs(14) de DGrd no es válido.
Línea 648: el nombre de la propiedad _StyleDefs(15) de DGrd no es válido.
Línea 649: el nombre de la propiedad _StyleDefs(16) de DGrd no es válido.
Línea 650: el nombre de la propiedad _StyleDefs(17) de DGrd no es válido.
Línea 651: el nombre de la propiedad _StyleDefs(18) de DGrd no es válido.
Línea 652: el nombre de la propiedad _StyleDefs(19) de DGrd no es válido.
Línea 653: el nombre de la propiedad _StyleDefs(20) de DGrd no es válido.
Línea 654: el nombre de la propiedad _StyleDefs(21) de DGrd no es válido.
Línea 655: el nombre de la propiedad _StyleDefs(22) de DGrd no es válido.
Línea 656: el nombre de la propiedad _StyleDefs(23) de DGrd no es válido.
Línea 657: el nombre de la propiedad _StyleDefs(24) de DGrd no es válido.
Línea 658: el nombre de la propiedad _StyleDefs(25) de DGrd no es válido.
Línea 659: el nombre de la propiedad _StyleDefs(26) de DGrd no es válido.
Línea 660: el nombre de la propiedad _StyleDefs(27) de DGrd no es válido.
Línea 661: el nombre de la propiedad _StyleDefs(28) de DGrd no es válido.
Línea 662: el nombre de la propiedad _StyleDefs(29) de DGrd no es válido.
Línea 663: el nombre de la propiedad _StyleDefs(30) de DGrd no es válido.
Línea 664: el nombre de la propiedad _StyleDefs(31) de DGrd no es válido.
Línea 665: el nombre de la propiedad _StyleDefs(32) de DGrd no es válido.
Línea 666: el nombre de la propiedad _StyleDefs(33) de DGrd no es válido.
Línea 667: el nombre de la propiedad _StyleDefs(34) de DGrd no es válido.
Línea 668: el nombre de la propiedad _StyleDefs(35) de DGrd no es válido.
Línea 669: el nombre de la propiedad _StyleDefs(36) de DGrd no es válido.
Línea 670: el nombre de la propiedad _StyleDefs(37) de DGrd no es válido.
Línea 671: el nombre de la propiedad _StyleDefs(38) de DGrd no es válido.
Línea 672: el nombre de la propiedad _StyleDefs(39) de DGrd no es válido.
Línea 673: el nombre de la propiedad _StyleDefs(40) de DGrd no es válido.
Línea 674: el nombre de la propiedad _StyleDefs(41) de DGrd no es válido.
Línea 675: el nombre de la propiedad _StyleDefs(42) de DGrd no es válido.
Línea 676: el nombre de la propiedad _StyleDefs(43) de DGrd no es válido.
Línea 677: el nombre de la propiedad _StyleDefs(44) de DGrd no es válido.
Línea 678: el nombre de la propiedad _StyleDefs(45) de DGrd no es válido.
Línea 679: el nombre de la propiedad _StyleDefs(46) de DGrd no es válido.
Línea 680: el nombre de la propiedad _StyleDefs(47) de DGrd no es válido.
Línea 681: el nombre de la propiedad _StyleDefs(48) de DGrd no es válido.
Línea 682: el nombre de la propiedad _StyleDefs(49) de DGrd no es válido.
Línea 683: el nombre de la propiedad _StyleDefs(50) de DGrd no es válido.
Línea 684: el nombre de la propiedad _StyleDefs(51) de DGrd no es válido.
Línea 685: el nombre de la propiedad _StyleDefs(52) de DGrd no es válido.
Línea 686: el nombre de la propiedad _StyleDefs(53) de DGrd no es válido.
Línea 687: el nombre de la propiedad _StyleDefs(54) de DGrd no es válido.
Línea 688: el nombre de la propiedad _StyleDefs(55) de DGrd no es válido.
Línea 689: el nombre de la propiedad _StyleDefs(56) de DGrd no es válido.
Línea 690: el nombre de la propiedad _StyleDefs(57) de DGrd no es válido.
Línea 691: el nombre de la propiedad _StyleDefs(58) de DGrd no es válido.
Línea 692: el nombre de la propiedad _StyleDefs(59) de DGrd no es válido.
Línea 693: el nombre de la propiedad _StyleDefs(60) de DGrd no es válido.
Línea 694: el nombre de la propiedad _StyleDefs(61) de DGrd no es válido.
Línea 695: el nombre de la propiedad _StyleDefs(62) de DGrd no es válido.
Línea 696: el nombre de la propiedad _StyleDefs(63) de DGrd no es válido.
Línea 697: el nombre de la propiedad _StyleDefs(64) de DGrd no es válido.
Línea 698: el nombre de la propiedad _StyleDefs(65) de DGrd no es válido.
Línea 699: el nombre de la propiedad _StyleDefs(66) de DGrd no es válido.
Línea 700: el nombre de la propiedad _StyleDefs(67) de DGrd no es válido.
Línea 744: el nombre de la propiedad _Version de cmdVerArchivo no es válido.
Línea 745: el nombre de la propiedad _ExtentX de cmdVerArchivo no es válido.
Línea 746: el nombre de la propiedad _ExtentY de cmdVerArchivo no es válido.
Línea 747: el nombre de la propiedad _StockProps de cmdVerArchivo no es válido.
Línea 738: no se pudo establecer la propiedad Picture de cmdVerArchivo.
Línea 805: el nombre de la propiedad _ExtentX de BarraImporta no es válido.
Línea 806: el nombre de la propiedad _ExtentY de BarraImporta no es válido.
Línea 807: el nombre de la propiedad _Version de BarraImporta no es válido.
Línea 810: el nombre de la propiedad Scrolling de BarraImporta no es válido.
Línea 815: el nombre de la propiedad _ExtentX de Box no es válido.
Línea 816: el nombre de la propiedad _ExtentY de Box no es válido.
Línea 817: el nombre de la propiedad _Version de Box no es válido.
Línea 844: el nombre de la propiedad _ExtentX de DgrdDesAdic no es válido.
Línea 845: el nombre de la propiedad _ExtentY de DgrdDesAdic no es válido.
Línea 846: el nombre de la propiedad _Version de DgrdDesAdic no es válido.
Línea 848: el nombre de la propiedad HeadLines de DgrdDesAdic no es válido.
Línea 849: el nombre de la propiedad RowHeight de DgrdDesAdic no es válido.
Línea 850: el nombre de la propiedad FormatLocked de DgrdDesAdic no es válido.
Línea 859: el nombre de la propiedad HeadFont de DgrdDesAdic no es válido.
Línea 869: el nombre de la propiedad ColumnCount de DgrdDesAdic no es válido.
Línea 882: el nombre de la propiedad Column00 de DgrdDesAdic no es válido.
Línea 895: el nombre de la propiedad Column01 de DgrdDesAdic no es válido.
Línea 908: el nombre de la propiedad Column02 de DgrdDesAdic no es válido.
Línea 909: el nombre de la propiedad SplitCount de DgrdDesAdic no es válido.
Línea 922: el nombre de la propiedad Split0 de DgrdDesAdic no es válido.
Línea 949: el nombre de la propiedad _ExtentX de DgrdPagAdic no es válido.
Línea 950: el nombre de la propiedad _ExtentY de DgrdPagAdic no es válido.
Línea 951: el nombre de la propiedad _Version de DgrdPagAdic no es válido.
Línea 953: el nombre de la propiedad HeadLines de DgrdPagAdic no es válido.
Línea 954: el nombre de la propiedad RowHeight de DgrdPagAdic no es válido.
Línea 955: el nombre de la propiedad FormatLocked de DgrdPagAdic no es válido.
Línea 964: el nombre de la propiedad HeadFont de DgrdPagAdic no es válido.
Línea 974: el nombre de la propiedad ColumnCount de DgrdPagAdic no es válido.
Línea 987: el nombre de la propiedad Column00 de DgrdPagAdic no es válido.
Línea 1000: el nombre de la propiedad Column01 de DgrdPagAdic no es válido.
Línea 1013: el nombre de la propiedad Column02 de DgrdPagAdic no es válido.
Línea 1014: el nombre de la propiedad SplitCount de DgrdPagAdic no es válido.
Línea 1027: el nombre de la propiedad Split0 de DgrdPagAdic no es válido.
Línea 1104: el nombre de la propiedad _ExtentX de Dgrdccosto no es válido.
Línea 1105: el nombre de la propiedad _ExtentY de Dgrdccosto no es válido.
Línea 1106: el nombre de la propiedad _Version de Dgrdccosto no es válido.
Línea 1107: el nombre de la propiedad AllowUpdate de Dgrdccosto no es válido.
Línea 1109: el nombre de la propiedad HeadLines de Dgrdccosto no es válido.
Línea 1110: el nombre de la propiedad RowHeight de Dgrdccosto no es válido.
Línea 1111: el nombre de la propiedad FormatLocked de Dgrdccosto no es válido.
Línea 1120: el nombre de la propiedad HeadFont de Dgrdccosto no es válido.
Línea 1130: el nombre de la propiedad ColumnCount de Dgrdccosto no es válido.
Línea 1143: el nombre de la propiedad Column00 de Dgrdccosto no es válido.
Línea 1156: el nombre de la propiedad Column01 de Dgrdccosto no es válido.
Línea 1169: el nombre de la propiedad Column02 de Dgrdccosto no es válido.
Línea 1182: el nombre de la propiedad Column03 de Dgrdccosto no es válido.
Línea 1183: el nombre de la propiedad SplitCount de Dgrdccosto no es válido.
Línea 1199: el nombre de la propiedad Split0 de Dgrdccosto no es válido.
Línea 1246: el nombre de la propiedad _ExtentX de Dgrdhoras no es válido.
Línea 1247: el nombre de la propiedad _ExtentY de Dgrdhoras no es válido.
Línea 1248: el nombre de la propiedad _Version de Dgrdhoras no es válido.
Línea 1250: el nombre de la propiedad HeadLines de Dgrdhoras no es válido.
Línea 1251: el nombre de la propiedad RowHeight de Dgrdhoras no es válido.
Línea 1252: el nombre de la propiedad FormatLocked de Dgrdhoras no es válido.
Línea 1261: el nombre de la propiedad HeadFont de Dgrdhoras no es válido.
Línea 1271: el nombre de la propiedad ColumnCount de Dgrdhoras no es válido.
Línea 1284: el nombre de la propiedad Column00 de Dgrdhoras no es válido.
Línea 1297: el nombre de la propiedad Column01 de Dgrdhoras no es válido.
Línea 1310: el nombre de la propiedad Column02 de Dgrdhoras no es válido.
Línea 1311: el nombre de la propiedad SplitCount de Dgrdhoras no es válido.
Línea 1324: el nombre de la propiedad Split0 de Dgrdhoras no es válido.
Línea 1334: el nombre de la propiedad _Version de Panelprogress no es válido.
Línea 1335: el nombre de la propiedad _ExtentX de Panelprogress no es válido.
Línea 1336: el nombre de la propiedad _ExtentY de Panelprogress no es válido.
Línea 1337: el nombre de la propiedad _StockProps de Panelprogress no es válido.
Línea 1338: el nombre de la propiedad Caption de Panelprogress no es válido.
Línea 1350: el nombre de la propiedad Font3D de Panelprogress no es válido.
Línea 1351: el nombre de la propiedad Alignment de Panelprogress no es válido.
Línea 1358: el nombre de la propiedad _ExtentX de Barra no es válido.
Línea 1359: el nombre de la propiedad _ExtentY de Barra no es válido.
Línea 1360: el nombre de la propiedad _Version de Barra no es válido.
Línea 1370: el nombre de la propiedad _ExtentX de ProgressBar1 no es válido.
Línea 1371: el nombre de la propiedad _ExtentY de ProgressBar1 no es válido.
Línea 1372: el nombre de la propiedad _Version de ProgressBar1 no es válido.
Línea 1375: el nombre de la propiedad Scrolling de ProgressBar1 no es válido.
Línea 1384: el nombre de la propiedad _Version de PnlPreView no es válido.
Línea 1385: el nombre de la propiedad _ExtentX de PnlPreView no es válido.
Línea 1386: el nombre de la propiedad _ExtentY de PnlPreView no es válido.
Línea 1387: el nombre de la propiedad _StockProps de PnlPreView no es válido.
Línea 1398: el nombre de la propiedad BevelOuter de PnlPreView no es válido.
Línea 1399: el nombre de la propiedad BevelInner de PnlPreView no es válido.
Línea 1406: el nombre de la propiedad _ExtentX de LstIngresos no es válido.
Línea 1407: el nombre de la propiedad _ExtentY de LstIngresos no es válido.
Línea 1408: el nombre de la propiedad View de LstIngresos no es válido.
Línea 1409: el nombre de la propiedad LabelEdit de LstIngresos no es válido.
Línea 1410: el nombre de la propiedad LabelWrap de LstIngresos no es válido.
Línea 1411: el nombre de la propiedad HideSelection de LstIngresos no es válido.
Línea 1412: el nombre de la propiedad FullRowSelect de LstIngresos no es válido.
Línea 1413: el nombre de la propiedad _Version de LstIngresos no es válido.
Línea 1414: el nombre de la propiedad Icons de LstIngresos no es válido.
Línea 1428: el nombre de la propiedad NumItems de LstIngresos no es válido.
Línea 1432: el nombre de la propiedad ColumnHeader(1) de LstIngresos no es válido.
Línea 1438: el nombre de la propiedad ColumnHeader(2) de LstIngresos no es válido.
Línea 1444: el nombre de la propiedad ColumnHeader(3) de LstIngresos no es válido.
Línea 1452: el nombre de la propiedad _ExtentX de LstDeducciones no es válido.
Línea 1453: el nombre de la propiedad _ExtentY de LstDeducciones no es válido.
Línea 1454: el nombre de la propiedad View de LstDeducciones no es válido.
Línea 1455: el nombre de la propiedad LabelEdit de LstDeducciones no es válido.
Línea 1456: el nombre de la propiedad LabelWrap de LstDeducciones no es válido.
Línea 1457: el nombre de la propiedad HideSelection de LstDeducciones no es válido.
Línea 1458: el nombre de la propiedad FullRowSelect de LstDeducciones no es válido.
Línea 1459: el nombre de la propiedad _Version de LstDeducciones no es válido.
Línea 1460: el nombre de la propiedad Icons de LstDeducciones no es válido.
Línea 1474: el nombre de la propiedad NumItems de LstDeducciones no es válido.
Línea 1478: el nombre de la propiedad ColumnHeader(1) de LstDeducciones no es válido.
Línea 1484: el nombre de la propiedad ColumnHeader(2) de LstDeducciones no es válido.
Línea 1492: el nombre de la propiedad _ExtentX de LstAportaciones no es válido.
Línea 1493: el nombre de la propiedad _ExtentY de LstAportaciones no es válido.
Línea 1494: el nombre de la propiedad View de LstAportaciones no es válido.
Línea 1495: el nombre de la propiedad LabelEdit de LstAportaciones no es válido.
Línea 1496: el nombre de la propiedad LabelWrap de LstAportaciones no es válido.
Línea 1497: el nombre de la propiedad HideSelection de LstAportaciones no es válido.
Línea 1498: el nombre de la propiedad FullRowSelect de LstAportaciones no es válido.
Línea 1499: el nombre de la propiedad _Version de LstAportaciones no es válido.
Línea 1500: el nombre de la propiedad Icons de LstAportaciones no es válido.
Línea 1514: el nombre de la propiedad NumItems de LstAportaciones no es válido.
Línea 1518: el nombre de la propiedad ColumnHeader(1) de LstAportaciones no es válido.
Línea 1524: el nombre de la propiedad ColumnHeader(2) de LstAportaciones no es válido.
Línea 1532: el nombre de la propiedad _Version de SSCommand1 no es válido.
Línea 1533: el nombre de la propiedad _ExtentX de SSCommand1 no es válido.
Línea 1534: el nombre de la propiedad _ExtentY de SSCommand1 no es válido.
Línea 1535: el nombre de la propiedad _StockProps de SSCommand1 no es válido.
Línea 1536: el nombre de la propiedad Caption de SSCommand1 no es válido.
